kotlin version: 2.0.21
error message: org.jetbrains.kotlin.backend.common.BackendException: Backend Internal error: Exception during IR lowering
File being compiled: A:/Documentos/Tesis/App.JarSystem/app/src/main/java/com/example/myapplication/service/JarvisOverlayService.kt
The root cause java.lang.RuntimeException was thrown at: org.jetbrains.kotlin.backend.jvm.codegen.FunctionCodegen.generate(FunctionCodegen.kt:47)
	at org.jetbrains.kotlin.backend.common.CodegenUtil.reportBackendException(CodegenUtil.kt:253)
	at org.jetbrains.kotlin.backend.common.CodegenUtil.reportBackendException$default(CodegenUtil.kt:236)
	at org.jetbrains.kotlin.backend.common.phaser.PerformByIrFilePhase.invokeSequential(performByIrFile.kt:65)
	at org.jetbrains.kotlin.backend.common.phaser.PerformByIrFilePhase.invoke(performByIrFile.kt:52)
	at org.jetbrains.kotlin.backend.common.phaser.PerformByIrFilePhase.invoke(performByIrFile.kt:38)
	at org.jetbrains.kotlin.backend.common.phaser.NamedCompilerPhase.phaseBody(CompilerPhase.kt:166)
	at org.jetbrains.kotlin.backend.common.phaser.AbstractNamedCompilerPhase.invoke(CompilerPhase.kt:113)
	at org.jetbrains.kotlin.backend.common.phaser.CompositePhase.invoke(PhaseBuilders.kt:27)
	at org.jetbrains.kotlin.backend.common.phaser.CompositePhase.invoke(PhaseBuilders.kt:14)
	at org.jetbrains.kotlin.backend.common.phaser.NamedCompilerPhase.phaseBody(CompilerPhase.kt:166)
	at org.jetbrains.kotlin.backend.common.phaser.AbstractNamedCompilerPhase.invoke(CompilerPhase.kt:113)
	at org.jetbrains.kotlin.backend.common.phaser.CompilerPhaseKt.invokeToplevel(CompilerPhase.kt:62)
	at org.jetbrains.kotlin.backend.jvm.JvmIrCodegenFactory.invokeCodegen(JvmIrCodegenFactory.kt:371)
	at org.jetbrains.kotlin.codegen.CodegenFactory.generateModule(CodegenFactory.kt:47)
	at org.jetbrains.kotlin.backend.jvm.JvmIrCodegenFactory.generateModuleInFrontendIRMode(JvmIrCodegenFactory.kt:433)
	at org.jetbrains.kotlin.cli.jvm.compiler.pipeline.JvmCompilerPipelineKt.generateCodeFromIr(jvmCompilerPipeline.kt:246)
	at org.jetbrains.kotlin.cli.jvm.compiler.pipeline.JvmCompilerPipelineKt.compileModulesUsingFrontendIrAndLightTree(jvmCompilerPipeline.kt:142)
	at org.jetbrains.kotlin.cli.jvm.K2JVMCompiler.doExecute(K2JVMCompiler.kt:148)
	at org.jetbrains.kotlin.cli.jvm.K2JVMCompiler.doExecute(K2JVMCompiler.kt:43)
	at org.jetbrains.kotlin.cli.common.CLICompiler.execImpl(CLICompiler.kt:103)
	at org.jetbrains.kotlin.cli.common.CLICompiler.execImpl(CLICompiler.kt:49)
	at org.jetbrains.kotlin.cli.common.CLITool.exec(CLITool.kt:101)
	at org.jetbrains.kotlin.incremental.IncrementalJvmCompilerRunner.runCompiler(IncrementalJvmCompilerRunner.kt:464)
	at org.jetbrains.kotlin.incremental.IncrementalJvmCompilerRunner.runCompiler(IncrementalJvmCompilerRunner.kt:73)
	at org.jetbrains.kotlin.incremental.IncrementalCompilerRunner.doCompile(IncrementalCompilerRunner.kt:506)
	at org.jetbrains.kotlin.incremental.IncrementalCompilerRunner.compileImpl(IncrementalCompilerRunner.kt:423)
	at org.jetbrains.kotlin.incremental.IncrementalCompilerRunner.tryCompileIncrementally$lambda$9$compile(IncrementalCompilerRunner.kt:249)
	at org.jetbrains.kotlin.incremental.IncrementalCompilerRunner.tryCompileIncrementally(IncrementalCompilerRunner.kt:267)
	at org.jetbrains.kotlin.incremental.IncrementalCompilerRunner.compile(IncrementalCompilerRunner.kt:120)
	at org.jetbrains.kotlin.daemon.CompileServiceImplBase.execIncrementalCompiler(CompileServiceImpl.kt:675)
	at org.jetbrains.kotlin.daemon.CompileServiceImplBase.access$execIncrementalCompiler(CompileServiceImpl.kt:92)
	at org.jetbrains.kotlin.daemon.CompileServiceImpl.compile(CompileServiceImpl.kt:1660)
	at java.base/jdk.internal.reflect.DirectMethodHandleAccessor.invoke(Unknown Source)
	at java.base/java.lang.reflect.Method.invoke(Unknown Source)
	at java.rmi/sun.rmi.server.UnicastServerRef.dispatch(Unknown Source)
	at java.rmi/sun.rmi.transport.Transport$1.run(Unknown Source)
	at java.rmi/sun.rmi.transport.Transport$1.run(Unknown Source)
	at java.base/java.security.AccessController.doPrivileged(Unknown Source)
	at java.rmi/sun.rmi.transport.Transport.serviceCall(Unknown Source)
	at java.rmi/sun.rmi.transport.tcp.TCPTransport.handleMessages(Unknown Source)
	at java.rmi/sun.rmi.transport.tcp.TCPTransport$ConnectionHandler.run0(Unknown Source)
	at java.rmi/sun.rmi.transport.tcp.TCPTransport$ConnectionHandler.lambda$run$0(Unknown Source)
	at java.base/java.security.AccessController.doPrivileged(Unknown Source)
	at java.rmi/sun.rmi.transport.tcp.TCPTransport$ConnectionHandler.run(Unknown Source)
	at java.base/java.util.concurrent.ThreadPoolExecutor.runWorker(Unknown Source)
	at java.base/java.util.concurrent.ThreadPoolExecutor$Worker.run(Unknown Source)
	at java.base/java.lang.Thread.run(Unknown Source)
Caused by: java.lang.RuntimeException: Exception while generating code for:
FUN name:createOverlay visibility:private modality:FINAL <> ($this:com.example.myapplication.service.JarvisOverlayService) returnType:kotlin.Unit
  $this: VALUE_PARAMETER name:<this> type:com.example.myapplication.service.JarvisOverlayService
  BLOCK_BODY
    COMPOSITE type=kotlin.Unit origin=null
      TRY type=kotlin.Any
        try: BLOCK type=kotlin.Int origin=null
          SET_FIELD 'FIELD PROPERTY_BACKING_FIELD name:windowManager type:android.view.WindowManager? visibility:private' type=kotlin.Unit origin=null
            receiver: GET_VAR '<this>: com.example.myapplication.service.JarvisOverlayService declared in com.example.myapplication.service.JarvisOverlayService.createOverlay' type=com.example.myapplication.service.JarvisOverlayService origin=null
            value: BLOCK type=android.view.WindowManager origin=null
              VAR IR_TEMPORARY_VARIABLE name:tmp0 type:kotlin.Any? [val]
                CALL 'public open fun getSystemService (p0: @[EnhancedNullability] kotlin.String): @[FlexibleNullability] kotlin.Any? [fake_override] declared in com.example.myapplication.service.JarvisOverlayService' type=@[FlexibleNullability] kotlin.Any? origin=null
                  $this: GET_VAR '<this>: com.example.myapplication.service.JarvisOverlayService declared in com.example.myapplication.service.JarvisOverlayService.createOverlay' type=com.example.myapplication.service.JarvisOverlayService origin=null
                  p0: CONST String type=kotlin.String value="window"
              CALL 'public final fun checkNotNull (object: kotlin.Any?, message: kotlin.String): kotlin.Unit declared in kotlin.jvm.internal.Intrinsics' type=kotlin.Unit origin=null
                object: GET_VAR 'val tmp0: kotlin.Any? [val] declared in com.example.myapplication.service.JarvisOverlayService.createOverlay' type=kotlin.Any? origin=null
                message: CONST String type=kotlin.String value="null cannot be cast to non-null type android.view.WindowManager"
              TYPE_OP type=android.view.WindowManager? origin=CAST typeOperand=android.view.WindowManager?
                GET_VAR 'val tmp0: kotlin.Any? [val] declared in com.example.myapplication.service.JarvisOverlayService.createOverlay' type=kotlin.Any? origin=null
          SET_FIELD 'FIELD PROPERTY_BACKING_FIELD name:overlayView type:android.view.View? visibility:private' type=kotlin.Unit origin=null
            receiver: GET_VAR '<this>: com.example.myapplication.service.JarvisOverlayService declared in com.example.myapplication.service.JarvisOverlayService.createOverlay' type=com.example.myapplication.service.JarvisOverlayService origin=null
            value: CALL 'public open fun inflate (p0: kotlin.Int, p1: @[EnhancedNullability] android.view.ViewGroup?): @[FlexibleNullability] android.view.View? declared in android.view.LayoutInflater' type=@[FlexibleNullability] android.view.View? origin=null
              $this: CALL 'public open fun from (p0: @[FlexibleNullability] android.content.Context?): @[FlexibleNullability] android.view.LayoutInflater? declared in android.view.LayoutInflater' type=@[FlexibleNullability] android.view.LayoutInflater? origin=null
                p0: GET_VAR '<this>: com.example.myapplication.service.JarvisOverlayService declared in com.example.myapplication.service.JarvisOverlayService.createOverlay' type=com.example.myapplication.service.JarvisOverlayService origin=null
              p0: GET_FIELD 'FIELD IR_EXTERNAL_JAVA_DECLARATION_STUB name:view_bar type:kotlin.Int visibility:public [static] declared in com.example.myapplication.R.layout' type=kotlin.Int superQualifierSymbol=com.example.myapplication.R.layout origin=null
              p1: CONST Null type=kotlin.Nothing? value=null
          COMPOSITE type=kotlin.Unit origin=null
            CALL 'public final fun apply <T> (block: @[ExtensionFunctionType] kotlin.Function1<T of kotlin.StandardKt.apply, kotlin.Unit>): T of kotlin.StandardKt.apply [inline] declared in kotlin.StandardKt' type=@[FlexibleNullability] android.widget.ScrollView? origin=null
              <T>: @[FlexibleNullability] android.widget.ScrollView?
              $receiver: CALL 'public final fun findViewById <T> (p0: kotlin.Int): @[FlexibleNullability] T of android.view.View.findViewById? declared in android.view.View' type=@[FlexibleNullability] android.widget.ScrollView? origin=null
                <T>: @[FlexibleNullability] android.widget.ScrollView?
                $this: CALL 'public final fun CHECK_NOT_NULL <T0> (arg0: T0 of kotlin.internal.ir.CHECK_NOT_NULL?): {T0 of kotlin.internal.ir.CHECK_NOT_NULL & Any} declared in kotlin.internal.ir' type=android.view.View origin=EXCLEXCL
                  <T0>: android.view.View
                  arg0: GET_FIELD 'FIELD PROPERTY_BACKING_FIELD name:overlayView type:android.view.View? visibility:private' type=android.view.View? origin=null
                    receiver: GET_VAR '<this>: com.example.myapplication.service.JarvisOverlayService declared in com.example.myapplication.service.JarvisOverlayService.createOverlay' type=com.example.myapplication.service.JarvisOverlayService origin=null
                p0: GET_FIELD 'FIELD IR_EXTERNAL_JAVA_DECLARATION_STUB name:scrollText type:kotlin.Int visibility:public [static] declared in com.example.myapplication.R.id' type=kotlin.Int superQualifierSymbol=com.example.myapplication.R.id origin=null
              block: BLOCK type=@[ExtensionFunctionType] kotlin.Function1<@[FlexibleNullability] android.widget.ScrollView?, kotlin.Unit> origin=LAMBDA
                COMPOSITE type=kotlin.Unit origin=null
                FUNCTION_REFERENCE 'private final fun createOverlay$lambda$48 (): kotlin.Unit declared in com.example.myapplication.service.JarvisOverlayService' type=@[ExtensionFunctionType] kotlin.Function1<@[FlexibleNullability] android.widget.ScrollView?, kotlin.Unit> origin=INLINE_LAMBDA reflectionTarget=null
            COMPOSITE type=kotlin.Unit origin=null
          VAR name:unifiedBarView type:@[FlexibleNullability] com.example.myapplication.ui.ListeningBarView? [val]
            CALL 'public final fun findViewById <T> (p0: kotlin.Int): @[FlexibleNullability] T of android.view.View.findViewById? declared in android.view.View' type=@[FlexibleNullability] com.example.myapplication.ui.ListeningBarView? origin=null
              <T>: @[FlexibleNullability] com.example.myapplication.ui.ListeningBarView?
              $this: CALL 'public final fun CHECK_NOT_NULL <T0> (arg0: T0 of kotlin.internal.ir.CHECK_NOT_NULL?): {T0 of kotlin.internal.ir.CHECK_NOT_NULL & Any} declared in kotlin.internal.ir' type=android.view.View origin=EXCLEXCL
                <T0>: android.view.View
                arg0: GET_FIELD 'FIELD PROPERTY_BACKING_FIELD name:overlayView type:android.view.View? visibility:private' type=android.view.View? origin=null
                  receiver: GET_VAR '<this>: com.example.myapplication.service.JarvisOverlayService declared in com.example.myapplication.service.JarvisOverlayService.createOverlay' type=com.example.myapplication.service.JarvisOverlayService origin=null
              p0: GET_FIELD 'FIELD IR_EXTERNAL_JAVA_DECLARATION_STUB name:containerOuter type:kotlin.Int visibility:public [static] declared in com.example.myapplication.R.id' type=kotlin.Int superQualifierSymbol=com.example.myapplication.R.id origin=null
          SET_FIELD 'FIELD PROPERTY_BACKING_FIELD name:containerOuter type:android.widget.LinearLayout? visibility:private' type=kotlin.Unit origin=null
            receiver: GET_VAR '<this>: com.example.myapplication.service.JarvisOverlayService declared in com.example.myapplication.service.JarvisOverlayService.createOverlay' type=com.example.myapplication.service.JarvisOverlayService origin=null
            value: GET_VAR 'val unifiedBarView: @[FlexibleNullability] com.example.myapplication.ui.ListeningBarView? [val] declared in com.example.myapplication.service.JarvisOverlayService.createOverlay' type=@[FlexibleNullability] com.example.myapplication.ui.ListeningBarView? origin=null
          SET_FIELD 'FIELD PROPERTY_BACKING_FIELD name:listeningBar type:com.example.myapplication.ui.ListeningBarView? visibility:private' type=kotlin.Unit origin=null
            receiver: GET_VAR '<this>: com.example.myapplication.service.JarvisOverlayService declared in com.example.myapplication.service.JarvisOverlayService.createOverlay' type=com.example.myapplication.service.JarvisOverlayService origin=null
            value: GET_VAR 'val unifiedBarView: @[FlexibleNullability] com.example.myapplication.ui.ListeningBarView? [val] declared in com.example.myapplication.service.JarvisOverlayService.createOverlay' type=@[FlexibleNullability] com.example.myapplication.ui.ListeningBarView? origin=null
          SET_FIELD 'FIELD PROPERTY_BACKING_FIELD name:tvListeningLabel type:android.widget.TextView? visibility:private' type=kotlin.Unit origin=null
            receiver: GET_VAR '<this>: com.example.myapplication.service.JarvisOverlayService declared in com.example.myapplication.service.JarvisOverlayService.createOverlay' type=com.example.myapplication.service.JarvisOverlayService origin=null
            value: CALL 'public final fun findViewById <T> (p0: kotlin.Int): @[FlexibleNullability] T of android.view.View.findViewById? declared in android.view.View' type=@[FlexibleNullability] android.widget.TextView? origin=null
              <T>: @[FlexibleNullability] android.widget.TextView?
              $this: CALL 'public final fun CHECK_NOT_NULL <T0> (arg0: T0 of kotlin.internal.ir.CHECK_NOT_NULL?): {T0 of kotlin.internal.ir.CHECK_NOT_NULL & Any} declared in kotlin.internal.ir' type=android.view.View origin=EXCLEXCL
                <T0>: android.view.View
                arg0: GET_FIELD 'FIELD PROPERTY_BACKING_FIELD name:overlayView type:android.view.View? visibility:private' type=android.view.View? origin=null
                  receiver: GET_VAR '<this>: com.example.myapplication.service.JarvisOverlayService declared in com.example.myapplication.service.JarvisOverlayService.createOverlay' type=com.example.myapplication.service.JarvisOverlayService origin=null
              p0: GET_FIELD 'FIELD IR_EXTERNAL_JAVA_DECLARATION_STUB name:tvListeningLabel type:kotlin.Int visibility:public [static] declared in com.example.myapplication.R.id' type=kotlin.Int superQualifierSymbol=com.example.myapplication.R.id origin=null
          SET_FIELD 'FIELD PROPERTY_BACKING_FIELD name:tvTranscription type:android.widget.TextView? visibility:private' type=kotlin.Unit origin=null
            receiver: GET_VAR '<this>: com.example.myapplication.service.JarvisOverlayService declared in com.example.myapplication.service.JarvisOverlayService.createOverlay' type=com.example.myapplication.service.JarvisOverlayService origin=null
            value: CALL 'public final fun findViewById <T> (p0: kotlin.Int): @[FlexibleNullability] T of android.view.View.findViewById? declared in android.view.View' type=@[FlexibleNullability] android.widget.TextView? origin=null
              <T>: @[FlexibleNullability] android.widget.TextView?
              $this: CALL 'public final fun CHECK_NOT_NULL <T0> (arg0: T0 of kotlin.internal.ir.CHECK_NOT_NULL?): {T0 of kotlin.internal.ir.CHECK_NOT_NULL & Any} declared in kotlin.internal.ir' type=android.view.View origin=EXCLEXCL
                <T0>: android.view.View
                arg0: GET_FIELD 'FIELD PROPERTY_BACKING_FIELD name:overlayView type:android.view.View? visibility:private' type=android.view.View? origin=null
                  receiver: GET_VAR '<this>: com.example.myapplication.service.JarvisOverlayService declared in com.example.myapplication.service.JarvisOverlayService.createOverlay' type=com.example.myapplication.service.JarvisOverlayService origin=null
              p0: GET_FIELD 'FIELD IR_EXTERNAL_JAVA_DECLARATION_STUB name:tvTranscription type:kotlin.Int visibility:public [static] declared in com.example.myapplication.R.id' type=kotlin.Int superQualifierSymbol=com.example.myapplication.R.id origin=null
          SET_FIELD 'FIELD PROPERTY_BACKING_FIELD name:frameContainer type:android.widget.FrameLayout? visibility:private' type=kotlin.Unit origin=null
            receiver: GET_VAR '<this>: com.example.myapplication.service.JarvisOverlayService declared in com.example.myapplication.service.JarvisOverlayService.createOverlay' type=com.example.myapplication.service.JarvisOverlayService origin=null
            value: CALL 'public final fun findViewById <T> (p0: kotlin.Int): @[FlexibleNullability] T of android.view.View.findViewById? declared in android.view.View' type=@[FlexibleNullability] android.widget.FrameLayout? origin=null
              <T>: @[FlexibleNullability] android.widget.FrameLayout?
              $this: CALL 'public final fun CHECK_NOT_NULL <T0> (arg0: T0 of kotlin.internal.ir.CHECK_NOT_NULL?): {T0 of kotlin.internal.ir.CHECK_NOT_NULL & Any} declared in kotlin.internal.ir' type=android.view.View origin=EXCLEXCL
                <T0>: android.view.View
                arg0: GET_FIELD 'FIELD PROPERTY_BACKING_FIELD name:overlayView type:android.view.View? visibility:private' type=android.view.View? origin=null
                  receiver: GET_VAR '<this>: com.example.myapplication.service.JarvisOverlayService declared in com.example.myapplication.service.JarvisOverlayService.createOverlay' type=com.example.myapplication.service.JarvisOverlayService origin=null
              p0: GET_FIELD 'FIELD IR_EXTERNAL_JAVA_DECLARATION_STUB name:frameContainer type:kotlin.Int visibility:public [static] declared in com.example.myapplication.R.id' type=kotlin.Int superQualifierSymbol=com.example.myapplication.R.id origin=null
          VAR name:params type:android.view.WindowManager.LayoutParams [val]
            CONSTRUCTOR_CALL 'public constructor <init> (p0: kotlin.Int, p1: kotlin.Int, p2: kotlin.Int, p3: kotlin.Int, p4: kotlin.Int) declared in android.view.WindowManager.LayoutParams' type=android.view.WindowManager.LayoutParams origin=null
              p0: CONST Int type=kotlin.Int value=-1
              p1: CONST Int type=kotlin.Int value=-1
              p2: WHEN type=kotlin.Int origin=IF
                BRANCH
                  if: CALL 'public final fun greaterOrEqual (arg0: kotlin.Int, arg1: kotlin.Int): kotlin.Boolean declared in kotlin.internal.ir' type=kotlin.Boolean origin=GTEQ
                    arg0: GET_FIELD 'FIELD IR_EXTERNAL_JAVA_DECLARATION_STUB name:SDK_INT type:kotlin.Int visibility:public [final,static] declared in android.os.Build.VERSION' type=kotlin.Int superQualifierSymbol=android.os.Build.VERSION origin=null
                    arg1: CONST Int type=kotlin.Int value=26
                  then: CONST Int type=kotlin.Int value=2038
                BRANCH
                  if: CONST Boolean type=kotlin.Boolean value=true
                  then: CONST Int type=kotlin.Int value=2002
              p3: CONST Int type=kotlin.Int value=262408
              p4: CONST Int type=kotlin.Int value=-3
          SET_FIELD 'FIELD IR_EXTERNAL_JAVA_DECLARATION_STUB name:gravity type:kotlin.Int visibility:public declared in android.view.WindowManager.LayoutParams' type=kotlin.Unit superQualifierSymbol=android.view.WindowManager.LayoutParams origin=EQ
            receiver: GET_VAR 'val params: android.view.WindowManager.LayoutParams [val] declared in com.example.myapplication.service.JarvisOverlayService.createOverlay' type=android.view.WindowManager.LayoutParams origin=null
            value: CONST Int type=kotlin.Int value=80
          COMPOSITE type=kotlin.Unit origin=null
            BLOCK type=kotlin.Unit? origin=FOLDED_SAFE_CALL
              WHEN type=kotlin.Unit? origin=FOLDED_SAFE_CALL
                BRANCH
                  if: COMPOSITE type=kotlin.Boolean origin=null
                    VAR IR_TEMPORARY_VARIABLE name:tmp0_safe_receiver type:android.view.View? [val]
                      GET_FIELD 'FIELD PROPERTY_BACKING_FIELD name:overlayView type:android.view.View? visibility:private' type=android.view.View? origin=null
                        receiver: GET_VAR '<this>: com.example.myapplication.service.JarvisOverlayService declared in com.example.myapplication.service.JarvisOverlayService.createOverlay' type=com.example.myapplication.service.JarvisOverlayService origin=null
                    CALL 'public final fun not (): kotlin.Boolean [operator] declared in kotlin.Boolean' type=kotlin.Boolean origin=null
                      $this: CALL 'public final fun EQEQ (arg0: kotlin.Any?, arg1: kotlin.Any?): kotlin.Boolean declared in kotlin.internal.ir' type=kotlin.Boolean origin=null
                        arg0: GET_VAR 'val tmp0_safe_receiver: android.view.View? [val] declared in com.example.myapplication.service.JarvisOverlayService.createOverlay' type=android.view.View? origin=null
                        arg1: CONST Null type=kotlin.Nothing? value=null
                  then: CALL 'public open fun setOnTouchListener (p0: @[FlexibleNullability] android.view.View.OnTouchListener?): kotlin.Unit declared in android.view.View' type=kotlin.Unit origin=null
                    $this: GET_VAR 'val tmp0_safe_receiver: android.view.View? [val] declared in com.example.myapplication.service.JarvisOverlayService.createOverlay' type=android.view.View? origin=null
                    p0: BLOCK type=android.view.View.OnTouchListener origin=LAMBDA
                      COMPOSITE type=kotlin.Unit origin=null
                      CALL 'public final fun <jvm-indy> <T> (dynamicCall: T of kotlin.jvm.internal.<jvm-indy>, bootstrapMethodHandle: kotlin.Any, vararg bootstrapMethodArguments: kotlin.Any): T of kotlin.jvm.internal.<jvm-indy> declared in kotlin.jvm.internal' type=android.view.View.OnTouchListener origin=null
                        <T>: android.view.View.OnTouchListener
                        dynamicCall: CALL 'public final fun onTouch (p0: com.example.myapplication.service.JarvisOverlayService): android.view.View.OnTouchListener declared in kotlin.jvm.internal.invokeDynamic' type=android.view.View.OnTouchListener origin=null
                          p0: GET_VAR '<this>: com.example.myapplication.service.JarvisOverlayService declared in com.example.myapplication.service.JarvisOverlayService.createOverlay' type=com.example.myapplication.service.JarvisOverlayService origin=null
                        bootstrapMethodHandle: CALL 'public final fun <jvm-method-handle> (tag: kotlin.Int, owner: kotlin.String, name: kotlin.String, descriptor: kotlin.String, isInterface: kotlin.Boolean): kotlin.Any declared in kotlin.jvm.internal' type=kotlin.Any origin=null
                          tag: CONST Int type=kotlin.Int value=6
                          owner: CONST String type=kotlin.String value="java/lang/invoke/LambdaMetafactory"
                          name: CONST String type=kotlin.String value="metafactory"
                          descriptor: CONST String type=kotlin.String value="(Ljava/lang/invoke/MethodHandles$Lookup;Ljava/lang/String;Ljava/lang/invoke/MethodType;Ljava/lang/invoke/MethodType;Ljava/lang/invoke/MethodHandle;Ljava/lang/invoke/MethodType;)Ljava/lang/invoke/CallSite;"
                          isInterface: CONST Boolean type=kotlin.Boolean value=false
                        bootstrapMethodArguments: VARARG type=kotlin.Array<kotlin.Any> varargElementType=kotlin.Any
                          CALL 'public final fun <jvm-original-method-type> (method: kotlin.Any): kotlin.Any declared in kotlin.jvm.internal' type=kotlin.Any origin=null
                            method: RAW_FUNCTION_REFERENCE 'public abstract fun onTouch (p0: @[FlexibleNullability] android.view.View?, p1: @[FlexibleNullability] android.view.MotionEvent?): kotlin.Boolean declared in android.view.View.OnTouchListener' type=kotlin.Any
                          RAW_FUNCTION_REFERENCE 'private final fun createOverlay$lambda$49 (this$0: com.example.myapplication.service.JarvisOverlayService, <unused var>: @[FlexibleNullability] android.view.View?, event: @[FlexibleNullability] android.view.MotionEvent?): kotlin.Boolean declared in com.example.myapplication.service.JarvisOverlayService' type=kotlin.Any
                          CALL 'public final fun <jvm-original-method-type> (method: kotlin.Any): kotlin.Any declared in kotlin.jvm.internal' type=kotlin.Any origin=null
                            method: RAW_FUNCTION_REFERENCE 'public abstract fun onTouch (p0: @[FlexibleNullability] android.view.View?, p1: @[FlexibleNullability] android.view.MotionEvent?): kotlin.Boolean [fake_override] declared in kotlin.jvm.internal.invokeDynamic.<fake>' type=kotlin.Any
                BRANCH
                  if: CONST Boolean type=kotlin.Boolean value=true
                  then: CONST Null type=kotlin.Nothing? value=null
          COMPOSITE type=kotlin.Unit origin=null
            BLOCK type=kotlin.Unit? origin=FOLDED_SAFE_CALL
              WHEN type=kotlin.Unit? origin=FOLDED_SAFE_CALL
                BRANCH
                  if: COMPOSITE type=kotlin.Boolean origin=null
                    VAR IR_TEMPORARY_VARIABLE name:tmp1_safe_receiver type:android.view.WindowManager? [val]
                      GET_FIELD 'FIELD PROPERTY_BACKING_FIELD name:windowManager type:android.view.WindowManager? visibility:private' type=android.view.WindowManager? origin=null
                        receiver: GET_VAR '<this>: com.example.myapplication.service.JarvisOverlayService declared in com.example.myapplication.service.JarvisOverlayService.createOverlay' type=com.example.myapplication.service.JarvisOverlayService origin=null
                    CALL 'public final fun not (): kotlin.Boolean [operator] declared in kotlin.Boolean' type=kotlin.Boolean origin=null
                      $this: CALL 'public final fun EQEQ (arg0: kotlin.Any?, arg1: kotlin.Any?): kotlin.Boolean declared in kotlin.internal.ir' type=kotlin.Boolean origin=null
                        arg0: GET_VAR 'val tmp1_safe_receiver: android.view.WindowManager? [val] declared in com.example.myapplication.service.JarvisOverlayService.createOverlay' type=android.view.WindowManager? origin=null
                        arg1: CONST Null type=kotlin.Nothing? value=null
                  then: CALL 'public abstract fun addView (p0: @[FlexibleNullability] android.view.View?, p1: @[FlexibleNullability] android.view.ViewGroup.LayoutParams?): kotlin.Unit [fake_override] declared in android.view.WindowManager' type=kotlin.Unit origin=null
                    $this: GET_VAR 'val tmp1_safe_receiver: android.view.WindowManager? [val] declared in com.example.myapplication.service.JarvisOverlayService.createOverlay' type=android.view.WindowManager? origin=null
                    p0: GET_FIELD 'FIELD PROPERTY_BACKING_FIELD name:overlayView type:android.view.View? visibility:private' type=android.view.View? origin=null
                      receiver: GET_VAR '<this>: com.example.myapplication.service.JarvisOverlayService declared in com.example.myapplication.service.JarvisOverlayService.createOverlay' type=com.example.myapplication.service.JarvisOverlayService origin=null
                    p1: GET_VAR 'val params: android.view.WindowManager.LayoutParams [val] declared in com.example.myapplication.service.JarvisOverlayService.createOverlay' type=android.view.WindowManager.LayoutParams origin=null
                BRANCH
                  if: CONST Boolean type=kotlin.Boolean value=true
                  then: CONST Null type=kotlin.Nothing? value=null
          COMPOSITE type=kotlin.Unit origin=null
            BLOCK type=kotlin.Unit? origin=FOLDED_SAFE_CALL
              WHEN type=kotlin.Unit? origin=FOLDED_SAFE_CALL
                BRANCH
                  if: COMPOSITE type=kotlin.Boolean origin=null
                    VAR IR_TEMPORARY_VARIABLE name:tmp2_safe_receiver type:android.view.View? [val]
                      GET_FIELD 'FIELD PROPERTY_BACKING_FIELD name:overlayView type:android.view.View? visibility:private' type=android.view.View? origin=null
                        receiver: GET_VAR '<this>: com.example.myapplication.service.JarvisOverlayService declared in com.example.myapplication.service.JarvisOverlayService.createOverlay' type=com.example.myapplication.service.JarvisOverlayService origin=null
                    CALL 'public final fun not (): kotlin.Boolean [operator] declared in kotlin.Boolean' type=kotlin.Boolean origin=null
                      $this: CALL 'public final fun EQEQ (arg0: kotlin.Any?, arg1: kotlin.Any?): kotlin.Boolean declared in kotlin.internal.ir' type=kotlin.Boolean origin=null
                        arg0: GET_VAR 'val tmp2_safe_receiver: android.view.View? [val] declared in com.example.myapplication.service.JarvisOverlayService.createOverlay' type=android.view.View? origin=null
                        arg1: CONST Null type=kotlin.Nothing? value=null
                  then: CALL 'public open fun setVisibility (p0: kotlin.Int): kotlin.Unit declared in android.view.View' type=kotlin.Unit origin=EQ
                    $this: GET_VAR 'val tmp2_safe_receiver: android.view.View? [val] declared in com.example.myapplication.service.JarvisOverlayService.createOverlay' type=android.view.View? origin=null
                    p0: CONST Int type=kotlin.Int value=8
                BRANCH
                  if: CONST Boolean type=kotlin.Boolean value=true
                  then: CONST Null type=kotlin.Nothing? value=null
          SET_FIELD 'FIELD PROPERTY_BACKING_FIELD name:isOverlayReady type:kotlin.Boolean visibility:private' type=kotlin.Unit origin=null
            receiver: GET_VAR '<this>: com.example.myapplication.service.JarvisOverlayService declared in com.example.myapplication.service.JarvisOverlayService.createOverlay' type=com.example.myapplication.service.JarvisOverlayService origin=null
            value: CONST Boolean type=kotlin.Boolean value=true
          CALL 'public open fun d (p0: @[EnhancedNullability] kotlin.String?, p1: @[EnhancedNullability] kotlin.String): kotlin.Int declared in android.util.Log' type=kotlin.Int origin=null
            p0: CONST String type=kotlin.String value="JARVIS_OVERLAY"
            p1: CONST String type=kotlin.String value="✅ Overlay creado"
        CATCH parameter=val e: java.lang.Exception [val] declared in com.example.myapplication.service.JarvisOverlayService.createOverlay
          VAR CATCH_PARAMETER name:e type:java.lang.Exception [val]
          BLOCK type=kotlin.Unit origin=null
            COMPOSITE type=kotlin.Unit origin=null
              CALL 'public open fun e (p0: @[EnhancedNullability] kotlin.String?, p1: @[EnhancedNullability] kotlin.String): kotlin.Int declared in android.util.Log' type=kotlin.Int origin=null
                p0: CONST String type=kotlin.String value="JARVIS_OVERLAY"
                p1: STRING_CONCATENATION type=kotlin.String
                  CONST String type=kotlin.String value="❌ Error creando overlay: "
                  CALL 'public open fun <get-message> (): kotlin.String? [fake_override] declared in java.lang.Exception' type=kotlin.String? origin=GET_PROPERTY
                    $this: GET_VAR 'val e: java.lang.Exception [val] declared in com.example.myapplication.service.JarvisOverlayService.createOverlay' type=java.lang.Exception origin=null
              COMPOSITE type=kotlin.Unit origin=null
            SET_FIELD 'FIELD PROPERTY_BACKING_FIELD name:isOverlayReady type:kotlin.Boolean visibility:private' type=kotlin.Unit origin=null
              receiver: GET_VAR '<this>: com.example.myapplication.service.JarvisOverlayService declared in com.example.myapplication.service.JarvisOverlayService.createOverlay' type=com.example.myapplication.service.JarvisOverlayService origin=null
              value: CONST Boolean type=kotlin.Boolean value=false
      COMPOSITE type=kotlin.Unit origin=null

	at org.jetbrains.kotlin.backend.jvm.codegen.FunctionCodegen.generate(FunctionCodegen.kt:47)
	at org.jetbrains.kotlin.backend.jvm.codegen.FunctionCodegen.generate$default(FunctionCodegen.kt:40)
	at org.jetbrains.kotlin.backend.jvm.codegen.ClassCodegen.generateMethodNode(ClassCodegen.kt:406)
	at org.jetbrains.kotlin.backend.jvm.codegen.ClassCodegen.generateMethod(ClassCodegen.kt:423)
	at org.jetbrains.kotlin.backend.jvm.codegen.ClassCodegen.generate(ClassCodegen.kt:168)
	at org.jetbrains.kotlin.backend.jvm.FileCodegen.lower(JvmPhases.kt:39)
	at org.jetbrains.kotlin.backend.common.phaser.PhaseFactoriesKt.createFilePhase$lambda$4(PhaseFactories.kt:71)
	at org.jetbrains.kotlin.backend.common.phaser.PhaseBuildersKt$createSimpleNamedCompilerPhase$1.phaseBody(PhaseBuilders.kt:69)
	at org.jetbrains.kotlin.backend.common.phaser.SimpleNamedCompilerPhase.phaseBody(CompilerPhase.kt:226)
	at org.jetbrains.kotlin.backend.common.phaser.AbstractNamedCompilerPhase.invoke(CompilerPhase.kt:113)
	at org.jetbrains.kotlin.backend.common.phaser.PerformByIrFilePhase.invokeSequential(performByIrFile.kt:62)
	... 44 more
Caused by: java.lang.RuntimeException: Exception while generating code for:
FUN INLINE_LAMBDA name:createOverlay$lambda$48 visibility:private modality:FINAL <> ($receiver:@[FlexibleNullability] android.widget.ScrollView?) returnType:kotlin.Unit
  $receiver: VALUE_PARAMETER name:$this$apply type:@[FlexibleNullability] android.widget.ScrollView?
  BLOCK_BODY
    VAR name:$i$a$-apply-JarvisOverlayService$createOverlay$1 type:kotlin.Int [val]
      CONST Int type=kotlin.Int value=0
    VAR name:maxPx type:kotlin.Int [val]
      CALL 'public open fun toInt (): kotlin.Int declared in kotlin.Float' type=kotlin.Int origin=null
        $this: CALL 'public final fun times (other: kotlin.Float): kotlin.Float [operator] declared in kotlin.Int' type=kotlin.Float origin=MUL
          $this: CONST Int type=kotlin.Int value=300
          other: GET_FIELD 'FIELD IR_EXTERNAL_JAVA_DECLARATION_STUB name:density type:kotlin.Float visibility:public declared in android.util.DisplayMetrics' type=kotlin.Float superQualifierSymbol=android.util.DisplayMetrics origin=null
            receiver: CALL 'public open fun getDisplayMetrics (): @[FlexibleNullability] android.util.DisplayMetrics? declared in android.content.res.Resources' type=@[FlexibleNullability] android.util.DisplayMetrics? origin=GET_PROPERTY
              $this: CALL 'public open fun getResources (): @[FlexibleNullability] android.content.res.Resources? [fake_override] declared in android.widget.ScrollView' type=@[FlexibleNullability] android.content.res.Resources? origin=GET_PROPERTY
                $this: GET_VAR '$this$apply: @[FlexibleNullability] android.widget.ScrollView? declared in com.example.myapplication.service.JarvisOverlayService.createOverlay$lambda$48' type=@[FlexibleNullability] android.widget.ScrollView? origin=null
    SET_FIELD 'FIELD IR_EXTERNAL_JAVA_DECLARATION_STUB name:maxHeight type:kotlin.Int visibility:public [final,static] declared in android.R.attr' type=kotlin.Unit superQualifierSymbol=android.R.attr origin=EQ
      value: GET_VAR 'val maxPx: kotlin.Int [val] declared in com.example.myapplication.service.JarvisOverlayService.createOverlay$lambda$48' type=kotlin.Int origin=null

	at org.jetbrains.kotlin.backend.jvm.codegen.FunctionCodegen.generate(FunctionCodegen.kt:47)
	at org.jetbrains.kotlin.backend.jvm.codegen.IrSourceCompilerForInline.generateLambdaBody(IrSourceCompilerForInline.kt:67)
	at org.jetbrains.kotlin.codegen.inline.ExpressionLambda.generateLambdaBody(LambdaInfo.kt:72)
	at org.jetbrains.kotlin.backend.jvm.codegen.IrInlineCodegen.genValueAndPut(IrInlineCodegen.kt:100)
	at org.jetbrains.kotlin.backend.jvm.codegen.ExpressionCodegen.visitCall$handleParameter(ExpressionCodegen.kt:616)
	at org.jetbrains.kotlin.backend.jvm.codegen.ExpressionCodegen.visitCall(ExpressionCodegen.kt:644)
	at org.jetbrains.kotlin.backend.jvm.codegen.ExpressionCodegen.visitCall(ExpressionCodegen.kt:138)
	at org.jetbrains.kotlin.ir.expressions.IrCall.accept(IrCall.kt:24)
	at org.jetbrains.kotlin.backend.jvm.codegen.ExpressionCodegen.visitStatementContainer(ExpressionCodegen.kt:579)
	at org.jetbrains.kotlin.backend.jvm.codegen.ExpressionCodegen.visitContainerExpression(ExpressionCodegen.kt:593)
	at org.jetbrains.kotlin.backend.jvm.codegen.ExpressionCodegen.visitContainerExpression(ExpressionCodegen.kt:138)
	at org.jetbrains.kotlin.ir.visitors.IrElementVisitor$DefaultImpls.visitComposite(IrElementVisitor.kt:125)
	at org.jetbrains.kotlin.backend.jvm.codegen.ExpressionCodegen.visitComposite(ExpressionCodegen.kt:138)
	at org.jetbrains.kotlin.backend.jvm.codegen.ExpressionCodegen.visitComposite(ExpressionCodegen.kt:138)
	at org.jetbrains.kotlin.ir.expressions.IrComposite.accept(IrComposite.kt:18)
	at org.jetbrains.kotlin.backend.jvm.codegen.ExpressionCodegen.visitStatementContainer(ExpressionCodegen.kt:579)
	at org.jetbrains.kotlin.backend.jvm.codegen.ExpressionCodegen.visitContainerExpression(ExpressionCodegen.kt:593)
	at org.jetbrains.kotlin.backend.jvm.codegen.ExpressionCodegen.visitContainerExpression(ExpressionCodegen.kt:138)
	at org.jetbrains.kotlin.ir.visitors.IrElementVisitor$DefaultImpls.visitBlock(IrElementVisitor.kt:122)
	at org.jetbrains.kotlin.backend.jvm.codegen.ExpressionCodegen.visitBlock(ExpressionCodegen.kt:413)
	at org.jetbrains.kotlin.backend.jvm.codegen.ExpressionCodegen.visitBlock(ExpressionCodegen.kt:138)
	at org.jetbrains.kotlin.ir.expressions.IrBlock.accept(IrBlock.kt:18)
	at org.jetbrains.kotlin.backend.jvm.codegen.ExpressionCodegen.visitTryWithInfo(ExpressionCodegen.kt:1339)
	at org.jetbrains.kotlin.backend.jvm.codegen.ExpressionCodegen.visitTry(ExpressionCodegen.kt:1330)
	at org.jetbrains.kotlin.backend.jvm.codegen.ExpressionCodegen.visitTry(ExpressionCodegen.kt:138)
	at org.jetbrains.kotlin.ir.expressions.IrTry.accept(IrTry.kt:26)
	at org.jetbrains.kotlin.backend.jvm.codegen.ExpressionCodegen.visitStatementContainer(ExpressionCodegen.kt:579)
	at org.jetbrains.kotlin.backend.jvm.codegen.ExpressionCodegen.visitContainerExpression(ExpressionCodegen.kt:593)
	at org.jetbrains.kotlin.backend.jvm.codegen.ExpressionCodegen.visitContainerExpression(ExpressionCodegen.kt:138)
	at org.jetbrains.kotlin.ir.visitors.IrElementVisitor$DefaultImpls.visitComposite(IrElementVisitor.kt:125)
	at org.jetbrains.kotlin.backend.jvm.codegen.ExpressionCodegen.visitComposite(ExpressionCodegen.kt:138)
	at org.jetbrains.kotlin.backend.jvm.codegen.ExpressionCodegen.visitComposite(ExpressionCodegen.kt:138)
	at org.jetbrains.kotlin.ir.expressions.IrComposite.accept(IrComposite.kt:18)
	at org.jetbrains.kotlin.backend.jvm.codegen.ExpressionCodegen.visitStatementContainer(ExpressionCodegen.kt:579)
	at org.jetbrains.kotlin.backend.jvm.codegen.ExpressionCodegen.visitBlockBody(ExpressionCodegen.kt:584)
	at org.jetbrains.kotlin.backend.jvm.codegen.ExpressionCodegen.visitBlockBody(ExpressionCodegen.kt:138)
	at org.jetbrains.kotlin.ir.expressions.IrBlockBody.accept(IrBlockBody.kt:20)
	at org.jetbrains.kotlin.backend.jvm.codegen.ExpressionCodegen.generate(ExpressionCodegen.kt:240)
	at org.jetbrains.kotlin.backend.jvm.codegen.FunctionCodegen.doGenerate(FunctionCodegen.kt:123)
	at org.jetbrains.kotlin.backend.jvm.codegen.FunctionCodegen.generate(FunctionCodegen.kt:44)
	... 54 more
Caused by: java.lang.AssertionError: access of const val: SET_FIELD 'FIELD IR_EXTERNAL_JAVA_DECLARATION_STUB name:maxHeight type:kotlin.Int visibility:public [final,static] declared in android.R.attr' type=kotlin.Unit superQualifierSymbol=android.R.attr origin=EQ
  value: GET_VAR 'val maxPx: kotlin.Int [val] declared in com.example.myapplication.service.JarvisOverlayService.createOverlay$lambda$48' type=kotlin.Int origin=null

	at org.jetbrains.kotlin.backend.jvm.codegen.ExpressionCodegen.visitFieldAccess(ExpressionCodegen.kt:861)
	at org.jetbrains.kotlin.backend.jvm.codegen.ExpressionCodegen.visitFieldAccess(ExpressionCodegen.kt:138)
	at org.jetbrains.kotlin.ir.visitors.IrElementVisitor$DefaultImpls.visitSetField(IrElementVisitor.kt:206)
	at org.jetbrains.kotlin.backend.jvm.codegen.ExpressionCodegen.visitSetField(ExpressionCodegen.kt:908)
	at org.jetbrains.kotlin.backend.jvm.codegen.ExpressionCodegen.visitSetField(ExpressionCodegen.kt:138)
	at org.jetbrains.kotlin.ir.expressions.IrSetField.accept(IrSetField.kt:21)
	at org.jetbrains.kotlin.backend.jvm.codegen.ExpressionCodegen.visitStatementContainer(ExpressionCodegen.kt:579)
	at org.jetbrains.kotlin.backend.jvm.codegen.ExpressionCodegen.visitBlockBody(ExpressionCodegen.kt:584)
	at org.jetbrains.kotlin.backend.jvm.codegen.ExpressionCodegen.visitBlockBody(ExpressionCodegen.kt:138)
	at org.jetbrains.kotlin.ir.expressions.IrBlockBody.accept(IrBlockBody.kt:20)
	at org.jetbrains.kotlin.backend.jvm.codegen.ExpressionCodegen.generate(ExpressionCodegen.kt:240)
	at org.jetbrains.kotlin.backend.jvm.codegen.FunctionCodegen.doGenerate(FunctionCodegen.kt:123)
	at org.jetbrains.kotlin.backend.jvm.codegen.FunctionCodegen.generate(FunctionCodegen.kt:44)
	... 93 more


